2023-12-31 16:46:28,807 - logger - INFO - 
    --------------------------------------
    # [1mProperties of the resulting masks[0m
    # Width: 512, Height: 512
    # Number of masks to create: 226
    --------------------------------------
    
2023-12-31 16:46:29,202 - logger - INFO - 
    --------------------------------------
    # [1mProperties of the resulting masks[0m
    # Width: 512, Height: 512
    # Number of masks to create: 23
    --------------------------------------
    
2023-12-31 16:46:29,245 - logger - INFO - 
    --------------------------------------
    # [1mProperties of the resulting masks[0m
    # Width: 512, Height: 512
    # Number of masks to create: 13
    --------------------------------------
    
2023-12-31 16:49:33,800 - logger - INFO - 
    --------------------------------------
    # [1mProperties of the resulting masks[0m
    # Width: 512, Height: 512
    # Number of masks to create: 226
    --------------------------------------
    
2023-12-31 16:49:34,166 - logger - INFO - 
    --------------------------------------
    # [1mProperties of the resulting masks[0m
    # Width: 512, Height: 512
    # Number of masks to create: 23
    --------------------------------------
    
2023-12-31 16:49:34,211 - logger - INFO - 
    --------------------------------------
    # [1mProperties of the resulting masks[0m
    # Width: 512, Height: 512
    # Number of masks to create: 13
    --------------------------------------
    
2023-12-31 16:49:52,751 - logger - INFO - 
    --------------------------------------
    # [1mProperties of the resulting masks[0m
    # Width: 512, Height: 512
    # Number of masks to create: 226
    --------------------------------------
    
2023-12-31 16:49:53,139 - logger - INFO - 
    --------------------------------------
    # [1mProperties of the resulting masks[0m
    # Width: 512, Height: 512
    # Number of masks to create: 23
    --------------------------------------
    
2023-12-31 16:49:53,177 - logger - INFO - 
    --------------------------------------
    # [1mProperties of the resulting masks[0m
    # Width: 512, Height: 512
    # Number of masks to create: 13
    --------------------------------------
    
2024-01-04 14:14:26,468 - logger - INFO - Data: full, Mode: interpol, Model: CVAE, Percentage: 70, Output PNG directory: /home/tiagociic/Projectos/spatiotemporal-vae-reconstruction/outputs/CVAE/interpol/full
2024-01-04 14:14:58,081 - logger - INFO - Data: full, Mode: interpol, Model: CVAE, Percentage: 70%,
 Output PNG directory: /home/tiagociic/Projectos/spatiotemporal-vae-reconstruction/outputs/CVAE/interpol/full
2024-01-04 14:15:01,738 - logger - INFO - Data: full, Mode: interpol, Model: CVAE, Percentage: 70%,
Output PNG directory: /home/tiagociic/Projectos/spatiotemporal-vae-reconstruction/outputs/CVAE/interpol/full
2024-01-04 14:15:15,386 - logger - INFO - Data: full, Mode: interpol, Model: CVAE, Percentage: 70%,
Output directory: /home/tiagociic/Projectos/spatiotemporal-vae-reconstruction/outputs/CVAE/interpol/full
2024-01-04 14:16:05,780 - logger - INFO - Data: full, Mode: interpol, Model: CVAE, Percentage: 70%,
Output directory: /home/tiagociic/Projectos/spatiotemporal-vae-reconstruction/outputs/CVAE/interpol/full
2024-01-04 14:16:24,392 - logger - INFO - Data: full, Mode: interpol, Model: CVAE, Percentage: 70%,
Output directory: /home/tiagociic/Projectos/spatiotemporal-vae-reconstruction/outputs/CVAE/interpol/full
2024-01-04 14:16:45,334 - logger - INFO - Data: full, Mode: interpol, Model: CVAE,
Output directory: /home/tiagociic/Projectos/spatiotemporal-vae-reconstruction/outputs/CVAE/interpol/full
2024-01-04 14:17:00,209 - logger - INFO - Data: full, Mode: interpol, Model: CVAE
Output directory: /home/tiagociic/Projectos/spatiotemporal-vae-reconstruction/outputs/CVAE/interpol/full
2024-01-04 14:25:04,626 - logger - INFO - Data: full, Mode: interpol, Model: CVAE
Output directory: /home/tiagociic/Projectos/spatiotemporal-vae-reconstruction/outputs/CVAE/interpol/full
2024-01-04 14:26:41,745 - logger - INFO - Data: full, Mode: extrapol, Model: CVAE Percentage: 70%,
Output directory: /home/tiagociic/Projectos/spatiotemporal-vae-reconstruction/outputs/CVAE/extrapol/70/full
2024-01-04 14:42:48,454 - logger - INFO - Data: full, Mode: extrapol, Model: CVAE Percentage: 90%,
Output directory: /home/tiagociic/Projectos/spatiotemporal-vae-reconstruction/outputs/CVAE/extrapol/90/full
2024-01-04 14:44:32,059 - logger - INFO - Data: sampled, Mode: extrapol, Model: CVAE Percentage: 90%,
Output directory: /home/tiagociic/Projectos/spatiotemporal-vae-reconstruction/outputs/CVAE/extrapol/90/sampled
2024-01-04 14:48:18,965 - logger - INFO - Data: sampled, Mode: extrapol, Model: CVAE Percentage: 70%,
Output directory: /home/tiagociic/Projectos/spatiotemporal-vae-reconstruction/outputs/CVAE/extrapol/70/sampled
2024-01-04 15:07:29,658 - logger - INFO - Data: sampled, Mode: extrapol, Model: CVAE Percentage: 70%,
Output directory: /home/tiagociic/Projectos/spatiotemporal-vae-reconstruction/outputs/CVAE/extrapol/70/sampled
2024-01-04 15:08:18,678 - logger - INFO - Data: sampled, Mode: extrapol, Model: CVAE Percentage: 70%,
Output directory: /home/tiagociic/Projectos/spatiotemporal-vae-reconstruction/outputs/CVAE/extrapol/70/sampled
2024-01-04 15:26:52,504 - logger - INFO - Creating image list...                          
2024-01-04 15:27:11,568 - logger - INFO - Writing frames to file 1/22500
2024-01-04 15:27:16,497 - logger - INFO - Writing frames to file 1001/22500
2024-01-04 15:27:21,339 - logger - INFO - Writing frames to file 2001/22500
2024-01-04 15:27:26,273 - logger - INFO - Writing frames to file 3001/22500
2024-01-04 15:27:31,122 - logger - INFO - Writing frames to file 4001/22500
2024-01-04 15:27:35,716 - logger - INFO - Writing frames to file 5001/22500
2024-01-04 15:27:40,378 - logger - INFO - Writing frames to file 6001/22500
2024-01-04 15:27:45,195 - logger - INFO - Writing frames to file 7001/22500
2024-01-04 15:27:50,130 - logger - INFO - Writing frames to file 8001/22500
2024-01-04 15:27:55,007 - logger - INFO - Writing frames to file 9001/22500
2024-01-04 15:27:59,755 - logger - INFO - Writing frames to file 10001/22500
2024-01-04 15:28:04,465 - logger - INFO - Writing frames to file 11001/22500
2024-01-04 15:28:09,258 - logger - INFO - Writing frames to file 12001/22500
2024-01-04 15:28:14,105 - logger - INFO - Writing frames to file 13001/22500
2024-01-04 15:28:19,200 - logger - INFO - Writing frames to file 14001/22500
2024-01-04 15:28:24,265 - logger - INFO - Writing frames to file 15001/22500
2024-01-04 15:28:28,989 - logger - INFO - Writing frames to file 16001/22500
2024-01-04 15:28:33,668 - logger - INFO - Writing frames to file 17001/22500
2024-01-04 15:28:38,397 - logger - INFO - Writing frames to file 18001/22500
2024-01-04 15:28:43,193 - logger - INFO - Writing frames to file 19001/22500
2024-01-04 15:28:48,078 - logger - INFO - Writing frames to file 20001/22500
2024-01-04 15:28:52,917 - logger - INFO - Writing frames to file 21001/22500
2024-01-04 15:28:57,680 - logger - INFO - Writing frames to file 22001/22500
2024-01-04 15:29:00,089 - logger - INFO - Saved video to /home/tiagociic/Projectos/spatiotemporal-vae-reconstruction/outputs/CVAE/extrapol/70/sampled/video_sampled_extrapol_70.mp4
2024-01-04 15:37:15,939 - logger - INFO - Data: sampled, Mode: extrapol, Model: CVAE Percentage: 90%,
Output directory: /home/tiagociic/Projectos/spatiotemporal-vae-reconstruction/outputs/CVAE/extrapol/90/sampled
2024-01-04 15:37:38,636 - logger - INFO - Data: sampled, Mode: extrapol, Model: CVAE Percentage: 90%,
Output directory: /home/tiagociic/Projectos/spatiotemporal-vae-reconstruction/outputs/CVAE/extrapol/90/sampled
